{"level":"info","message":"No tables specified, using all configured tables","service":"postgres-sync","timestamp":"2024-12-13 09:48:52.972 EAT"}
{"level":"info","message":"Starting manual sync for tables: [\"customer_withdrawal\",\"m_product\"]","service":"postgres-sync","timestamp":"2024-12-13 09:48:52.973 EAT"}
{"level":"error","message":"Manual sync failed: relation \"adempiere.m_product\" does not exist","service":"postgres-sync","timestamp":"2024-12-13 09:48:53.107 EAT"}
{"level":"info","message":"Schema \"public\" created/verified successfully","service":"postgres-sync","timestamp":"2024-12-13 09:48:53.110 EAT"}
{"level":"info","message":"Table structure created successfully","service":"postgres-sync","timestamp":"2024-12-13 09:48:53.142 EAT"}
{"level":"info","message":"Table \"public\".\"customer_withdrawal\" created/verified successfully","service":"postgres-sync","timestamp":"2024-12-13 09:48:53.162 EAT"}
{"level":"info","message":"Sync progress for customer_withdrawal: 100.00%","service":"postgres-sync","timestamp":"2024-12-13 09:48:53.174 EAT"}
{"level":"info","message":"Starting scheduled sync job","service":"postgres-sync","timestamp":"2024-12-13 09:49:00.010 EAT"}
{"level":"info","message":"Schema \"public\" created/verified successfully","service":"postgres-sync","timestamp":"2024-12-13 09:49:00.043 EAT"}
{"level":"info","message":"Table structure created successfully","service":"postgres-sync","timestamp":"2024-12-13 09:49:00.111 EAT"}
{"level":"info","message":"Table \"public\".\"customer_withdrawal\" created/verified successfully","service":"postgres-sync","timestamp":"2024-12-13 09:49:00.114 EAT"}
{"level":"error","message":"Scheduled sync job failed: relation \"adempiere.m_product\" does not exist","service":"postgres-sync","timestamp":"2024-12-13 09:49:00.128 EAT"}
{"level":"info","message":"Starting scheduled sync job","service":"postgres-sync","timestamp":"2024-12-13 09:50:00.010 EAT"}
{"level":"info","message":"Schema \"public\" created/verified successfully","service":"postgres-sync","timestamp":"2024-12-13 09:50:00.130 EAT"}
{"level":"info","message":"Table structure created successfully","service":"postgres-sync","timestamp":"2024-12-13 09:50:00.346 EAT"}
{"level":"info","message":"Table \"public\".\"customer_withdrawal\" created/verified successfully","service":"postgres-sync","timestamp":"2024-12-13 09:50:00.361 EAT"}
{"level":"error","message":"Scheduled sync job failed: relation \"adempiere.m_product\" does not exist","service":"postgres-sync","timestamp":"2024-12-13 09:50:00.421 EAT"}
{"level":"info","message":"Starting scheduled sync job","service":"postgres-sync","timestamp":"2024-12-13 09:51:00.015 EAT"}
{"level":"info","message":"Schema \"public\" created/verified successfully","service":"postgres-sync","timestamp":"2024-12-13 09:51:00.152 EAT"}
{"level":"info","message":"Table structure created successfully","service":"postgres-sync","timestamp":"2024-12-13 09:51:00.215 EAT"}
{"level":"info","message":"Table \"public\".\"customer_withdrawal\" created/verified successfully","service":"postgres-sync","timestamp":"2024-12-13 09:51:00.227 EAT"}
{"level":"error","message":"Scheduled sync job failed: relation \"adempiere.m_product\" does not exist","service":"postgres-sync","timestamp":"2024-12-13 09:51:00.284 EAT"}
{"level":"info","message":"Starting scheduled sync job","service":"postgres-sync","timestamp":"2024-12-13 09:52:00.013 EAT"}
{"level":"info","message":"Schema \"public\" created/verified successfully","service":"postgres-sync","timestamp":"2024-12-13 09:52:00.150 EAT"}
{"level":"info","message":"Table structure created successfully","service":"postgres-sync","timestamp":"2024-12-13 09:52:00.206 EAT"}
{"level":"info","message":"Table \"public\".\"customer_withdrawal\" created/verified successfully","service":"postgres-sync","timestamp":"2024-12-13 09:52:00.217 EAT"}
{"level":"error","message":"Scheduled sync job failed: relation \"adempiere.m_product\" does not exist","service":"postgres-sync","timestamp":"2024-12-13 09:52:00.272 EAT"}
{"level":"info","message":"Starting scheduled sync job","service":"postgres-sync","timestamp":"2024-12-13 09:53:00.010 EAT"}
{"level":"info","message":"Schema \"public\" created/verified successfully","service":"postgres-sync","timestamp":"2024-12-13 09:53:00.113 EAT"}
{"level":"info","message":"Table structure created successfully","service":"postgres-sync","timestamp":"2024-12-13 09:53:00.173 EAT"}
{"level":"info","message":"Table \"public\".\"customer_withdrawal\" created/verified successfully","service":"postgres-sync","timestamp":"2024-12-13 09:53:00.185 EAT"}
{"level":"error","message":"Scheduled sync job failed: relation \"adempiere.m_product\" does not exist","service":"postgres-sync","timestamp":"2024-12-13 09:53:00.242 EAT"}
{"level":"info","message":"Starting scheduled sync job","service":"postgres-sync","timestamp":"2024-12-13 09:54:00.007 EAT"}
{"level":"info","message":"Schema \"public\" created/verified successfully","service":"postgres-sync","timestamp":"2024-12-13 09:54:00.206 EAT"}
{"level":"info","message":"Table structure created successfully","service":"postgres-sync","timestamp":"2024-12-13 09:54:00.276 EAT"}
{"level":"info","message":"Table \"public\".\"customer_withdrawal\" created/verified successfully","service":"postgres-sync","timestamp":"2024-12-13 09:54:00.290 EAT"}
{"level":"error","message":"Scheduled sync job failed: relation \"adempiere.m_product\" does not exist","service":"postgres-sync","timestamp":"2024-12-13 09:54:00.347 EAT"}
{"level":"info","message":"Starting scheduled sync job","service":"postgres-sync","timestamp":"2024-12-13 09:55:00.019 EAT"}
{"level":"info","message":"Schema \"public\" created/verified successfully","service":"postgres-sync","timestamp":"2024-12-13 09:55:00.145 EAT"}
{"level":"info","message":"Table structure created successfully","service":"postgres-sync","timestamp":"2024-12-13 09:55:00.205 EAT"}
{"level":"info","message":"Table \"public\".\"customer_withdrawal\" created/verified successfully","service":"postgres-sync","timestamp":"2024-12-13 09:55:00.215 EAT"}
{"level":"error","message":"Scheduled sync job failed: relation \"adempiere.m_product\" does not exist","service":"postgres-sync","timestamp":"2024-12-13 09:55:00.272 EAT"}
{"level":"info","message":"Starting scheduled sync job","service":"postgres-sync","timestamp":"2024-12-13 09:56:00.017 EAT"}
{"level":"info","message":"Schema \"public\" created/verified successfully","service":"postgres-sync","timestamp":"2024-12-13 09:56:00.148 EAT"}
{"level":"info","message":"Table structure created successfully","service":"postgres-sync","timestamp":"2024-12-13 09:56:00.225 EAT"}
{"level":"info","message":"Table \"public\".\"customer_withdrawal\" created/verified successfully","service":"postgres-sync","timestamp":"2024-12-13 09:56:00.241 EAT"}
{"level":"error","message":"Scheduled sync job failed: relation \"adempiere.m_product\" does not exist","service":"postgres-sync","timestamp":"2024-12-13 09:56:00.318 EAT"}
{"level":"info","message":"Starting scheduled sync job","service":"postgres-sync","timestamp":"2024-12-13 09:57:00.024 EAT"}
{"level":"info","message":"Schema \"public\" created/verified successfully","service":"postgres-sync","timestamp":"2024-12-13 09:57:00.148 EAT"}
{"level":"info","message":"Table structure created successfully","service":"postgres-sync","timestamp":"2024-12-13 09:57:00.208 EAT"}
{"level":"info","message":"Table \"public\".\"customer_withdrawal\" created/verified successfully","service":"postgres-sync","timestamp":"2024-12-13 09:57:00.220 EAT"}
{"level":"error","message":"Scheduled sync job failed: relation \"adempiere.m_product\" does not exist","service":"postgres-sync","timestamp":"2024-12-13 09:57:00.274 EAT"}
{"level":"info","message":"Sync job scheduler started","service":"postgres-sync","timestamp":"2024-12-13 09:57:13.155 EAT"}
{"level":"info","message":"Server is running on port 3000","service":"postgres-sync","timestamp":"2024-12-13 09:57:13.164 EAT"}
{"level":"info","message":"Initializing sync job service","service":"postgres-sync","timestamp":"2024-12-13 09:57:13.165 EAT"}
{"level":"info","message":"No tables specified, using all configured tables","service":"postgres-sync","timestamp":"2024-12-13 09:57:19.801 EAT"}
{"level":"info","message":"Starting manual sync for tables: [\"customer_withdrawal\",\"m_product\"]","service":"postgres-sync","timestamp":"2024-12-13 09:57:19.803 EAT"}
{"level":"error","message":"Manual sync failed: relation \"adempiere.m_product\" does not exist","service":"postgres-sync","timestamp":"2024-12-13 09:57:19.958 EAT"}
{"level":"info","message":"Schema \"public\" created/verified successfully","service":"postgres-sync","timestamp":"2024-12-13 09:57:19.986 EAT"}
{"level":"info","message":"Table structure created successfully","service":"postgres-sync","timestamp":"2024-12-13 09:57:20.023 EAT"}
{"level":"info","message":"Table \"public\".\"customer_withdrawal\" created/verified successfully","service":"postgres-sync","timestamp":"2024-12-13 09:57:20.038 EAT"}
{"level":"info","message":"Sync progress for customer_withdrawal: 100.00%","service":"postgres-sync","timestamp":"2024-12-13 09:57:20.051 EAT"}
{"level":"info","message":"Sync job scheduler started","service":"postgres-sync","timestamp":"2024-12-13 09:57:32.475 EAT"}
{"level":"info","message":"Server is running on port 3000","service":"postgres-sync","timestamp":"2024-12-13 09:57:32.487 EAT"}
{"level":"info","message":"Initializing sync job service","service":"postgres-sync","timestamp":"2024-12-13 09:57:32.488 EAT"}
{"level":"info","message":"Starting scheduled sync job","service":"postgres-sync","timestamp":"2024-12-13 09:58:00.023 EAT"}
{"level":"info","message":"Schema \"public\" created/verified successfully","service":"postgres-sync","timestamp":"2024-12-13 09:58:00.160 EAT"}
{"level":"info","message":"Table structure created successfully","service":"postgres-sync","timestamp":"2024-12-13 09:58:00.222 EAT"}
{"level":"info","message":"Table \"public\".\"customer_withdrawal\" created/verified successfully","service":"postgres-sync","timestamp":"2024-12-13 09:58:00.233 EAT"}
{"level":"error","message":"Scheduled sync job failed: relation \"adempiere.m_product\" does not exist","service":"postgres-sync","timestamp":"2024-12-13 09:58:00.304 EAT"}
{"level":"info","message":"Starting scheduled sync job","service":"postgres-sync","timestamp":"2024-12-13 09:59:00.026 EAT"}
{"level":"info","message":"Schema \"public\" created/verified successfully","service":"postgres-sync","timestamp":"2024-12-13 09:59:00.149 EAT"}
{"level":"info","message":"Table structure created successfully","service":"postgres-sync","timestamp":"2024-12-13 09:59:00.219 EAT"}
{"level":"info","message":"Table \"public\".\"customer_withdrawal\" created/verified successfully","service":"postgres-sync","timestamp":"2024-12-13 09:59:00.229 EAT"}
{"level":"error","message":"Scheduled sync job failed: relation \"adempiere.m_product\" does not exist","service":"postgres-sync","timestamp":"2024-12-13 09:59:00.294 EAT"}
{"level":"info","message":"Sync job scheduler started","service":"postgres-sync","timestamp":"2024-12-13 09:59:03.103 EAT"}
{"level":"info","message":"Server is running on port 3000","service":"postgres-sync","timestamp":"2024-12-13 09:59:03.115 EAT"}
{"level":"info","message":"Initializing sync job service","service":"postgres-sync","timestamp":"2024-12-13 09:59:03.116 EAT"}
{"level":"info","message":"No tables specified, using all configured tables","service":"postgres-sync","timestamp":"2024-12-13 09:59:05.871 EAT"}
{"level":"info","message":"Starting manual sync for tables: [\"customer_withdrawal\",\"m_product\"]","service":"postgres-sync","timestamp":"2024-12-13 09:59:05.872 EAT"}
{"level":"error","message":"Manual sync failed: relation \"adempiere.m_product\" does not exist","service":"postgres-sync","timestamp":"2024-12-13 09:59:06.048 EAT"}
{"level":"info","message":"Schema \"public\" created/verified successfully","service":"postgres-sync","timestamp":"2024-12-13 09:59:06.071 EAT"}
{"level":"info","message":"Table structure created successfully","service":"postgres-sync","timestamp":"2024-12-13 09:59:06.106 EAT"}
{"level":"info","message":"Table \"public\".\"customer_withdrawal\" created/verified successfully","service":"postgres-sync","timestamp":"2024-12-13 09:59:06.129 EAT"}
{"level":"info","message":"Sync progress for customer_withdrawal: 100.00%","service":"postgres-sync","timestamp":"2024-12-13 09:59:06.143 EAT"}
{"level":"info","message":"Sync job scheduler started","service":"postgres-sync","timestamp":"2024-12-13 09:59:21.101 EAT"}
{"level":"info","message":"Server is running on port 3000","service":"postgres-sync","timestamp":"2024-12-13 09:59:21.123 EAT"}
{"level":"info","message":"Initializing sync job service","service":"postgres-sync","timestamp":"2024-12-13 09:59:21.127 EAT"}
{"level":"info","message":"Starting scheduled sync job","service":"postgres-sync","timestamp":"2024-12-13 10:00:00.020 EAT"}
{"level":"info","message":"Schema \"public\" created/verified successfully","service":"postgres-sync","timestamp":"2024-12-13 10:00:00.159 EAT"}
{"level":"info","message":"Table structure created successfully","service":"postgres-sync","timestamp":"2024-12-13 10:00:00.219 EAT"}
{"level":"info","message":"Table \"public\".\"customer_withdrawal\" created/verified successfully","service":"postgres-sync","timestamp":"2024-12-13 10:00:00.232 EAT"}
{"level":"error","message":"Scheduled sync job failed: relation \"adempiere.m_product\" does not exist","service":"postgres-sync","timestamp":"2024-12-13 10:00:00.291 EAT"}
{"level":"info","message":"Starting scheduled sync job","service":"postgres-sync","timestamp":"2024-12-13 10:01:00.023 EAT"}
{"level":"info","message":"Schema \"public\" created/verified successfully","service":"postgres-sync","timestamp":"2024-12-13 10:01:00.142 EAT"}
{"level":"info","message":"Table structure created successfully","service":"postgres-sync","timestamp":"2024-12-13 10:01:00.199 EAT"}
{"level":"info","message":"Table \"public\".\"customer_withdrawal\" created/verified successfully","service":"postgres-sync","timestamp":"2024-12-13 10:01:00.210 EAT"}
{"level":"error","message":"Scheduled sync job failed: relation \"adempiere.m_product\" does not exist","service":"postgres-sync","timestamp":"2024-12-13 10:01:00.268 EAT"}
{"level":"info","message":"Sync job scheduler started","service":"postgres-sync","timestamp":"2024-12-13 10:01:16.913 EAT"}
{"level":"info","message":"Server is running on port 3000","service":"postgres-sync","timestamp":"2024-12-13 10:01:16.922 EAT"}
{"level":"info","message":"Initializing sync job service","service":"postgres-sync","timestamp":"2024-12-13 10:01:16.923 EAT"}
{"level":"info","message":"No tables specified, using all configured tables","service":"postgres-sync","timestamp":"2024-12-13 10:01:21.349 EAT"}
{"level":"info","message":"Starting manual sync for tables: [\"customer_withdrawal\",\"m_product\"]","service":"postgres-sync","timestamp":"2024-12-13 10:01:21.351 EAT"}
{"level":"error","message":"Manual sync failed: relation \"adempiere.m_product\" does not exist","service":"postgres-sync","timestamp":"2024-12-13 10:01:21.503 EAT"}
{"level":"info","message":"Schema \"public\" created/verified successfully","service":"postgres-sync","timestamp":"2024-12-13 10:01:21.526 EAT"}
{"level":"info","message":"Table structure created successfully","service":"postgres-sync","timestamp":"2024-12-13 10:01:21.584 EAT"}
{"level":"info","message":"Table \"public\".\"customer_withdrawal\" created/verified successfully","service":"postgres-sync","timestamp":"2024-12-13 10:01:21.603 EAT"}
{"level":"info","message":"Sync progress for customer_withdrawal: 100.00%","service":"postgres-sync","timestamp":"2024-12-13 10:01:21.619 EAT"}
{"level":"info","message":"Starting scheduled sync job","service":"postgres-sync","timestamp":"2024-12-13 10:02:00.012 EAT"}
{"level":"info","message":"Schema \"public\" created/verified successfully","service":"postgres-sync","timestamp":"2024-12-13 10:02:00.161 EAT"}
{"level":"info","message":"Table structure created successfully","service":"postgres-sync","timestamp":"2024-12-13 10:02:00.256 EAT"}
{"level":"info","message":"Table \"public\".\"customer_withdrawal\" created/verified successfully","service":"postgres-sync","timestamp":"2024-12-13 10:02:00.273 EAT"}
{"level":"error","message":"Scheduled sync job failed: relation \"adempiere.m_product\" does not exist","service":"postgres-sync","timestamp":"2024-12-13 10:02:00.348 EAT"}
{"level":"info","message":"Starting scheduled sync job","service":"postgres-sync","timestamp":"2024-12-13 10:03:00.031 EAT"}
{"level":"info","message":"Schema \"public\" created/verified successfully","service":"postgres-sync","timestamp":"2024-12-13 10:03:00.165 EAT"}
{"level":"info","message":"Table structure created successfully","service":"postgres-sync","timestamp":"2024-12-13 10:03:00.242 EAT"}
{"level":"info","message":"Table \"public\".\"customer_withdrawal\" created/verified successfully","service":"postgres-sync","timestamp":"2024-12-13 10:03:00.252 EAT"}
{"level":"error","message":"Scheduled sync job failed: relation \"adempiere.m_product\" does not exist","service":"postgres-sync","timestamp":"2024-12-13 10:03:00.310 EAT"}
{"level":"info","message":"Starting scheduled sync job","service":"postgres-sync","timestamp":"2024-12-13 10:04:00.009 EAT"}
{"level":"info","message":"Schema \"public\" created/verified successfully","service":"postgres-sync","timestamp":"2024-12-13 10:04:00.218 EAT"}
{"level":"info","message":"Table structure created successfully","service":"postgres-sync","timestamp":"2024-12-13 10:04:00.297 EAT"}
{"level":"info","message":"Table \"public\".\"customer_withdrawal\" created/verified successfully","service":"postgres-sync","timestamp":"2024-12-13 10:04:00.309 EAT"}
{"level":"error","message":"Scheduled sync job failed: relation \"adempiere.m_product\" does not exist","service":"postgres-sync","timestamp":"2024-12-13 10:04:00.475 EAT"}
{"level":"info","message":"Starting scheduled sync job","service":"postgres-sync","timestamp":"2024-12-13 10:05:00.017 EAT"}
{"level":"info","message":"Schema \"public\" created/verified successfully","service":"postgres-sync","timestamp":"2024-12-13 10:05:00.142 EAT"}
{"level":"info","message":"Table structure created successfully","service":"postgres-sync","timestamp":"2024-12-13 10:05:00.218 EAT"}
{"level":"info","message":"Table \"public\".\"customer_withdrawal\" created/verified successfully","service":"postgres-sync","timestamp":"2024-12-13 10:05:00.229 EAT"}
{"level":"error","message":"Scheduled sync job failed: relation \"adempiere.m_product\" does not exist","service":"postgres-sync","timestamp":"2024-12-13 10:05:00.284 EAT"}
{"level":"info","message":"Sync job scheduler started","service":"postgres-sync","timestamp":"2024-12-13 10:05:58.893 EAT"}
{"level":"info","message":"Server is running on port 3000","service":"postgres-sync","timestamp":"2024-12-13 10:05:58.900 EAT"}
{"level":"info","message":"Initializing sync job service","service":"postgres-sync","timestamp":"2024-12-13 10:05:58.902 EAT"}
{"level":"info","message":"Sync job scheduler started","service":"postgres-sync","timestamp":"2024-12-13 10:06:00.217 EAT"}
{"level":"info","message":"Server is running on port 3000","service":"postgres-sync","timestamp":"2024-12-13 10:06:00.227 EAT"}
{"level":"info","message":"Initializing sync job service","service":"postgres-sync","timestamp":"2024-12-13 10:06:00.228 EAT"}
{"level":"info","message":"Sync job scheduler started","service":"postgres-sync","timestamp":"2024-12-13 10:06:15.383 EAT"}
{"level":"info","message":"Server is running on port 3000","service":"postgres-sync","timestamp":"2024-12-13 10:06:15.393 EAT"}
{"level":"info","message":"Initializing sync job service","service":"postgres-sync","timestamp":"2024-12-13 10:06:15.394 EAT"}
{"level":"info","message":"No tables specified, using all configured tables","service":"postgres-sync","timestamp":"2024-12-13 10:06:20.946 EAT"}
{"level":"info","message":"Starting manual sync for tables: [\"customer_withdrawal\",\"m_product\"]","service":"postgres-sync","timestamp":"2024-12-13 10:06:20.947 EAT"}
{"level":"info","message":"Schema \"adempiere\" created/verified successfully","service":"postgres-sync","timestamp":"2024-12-13 10:06:21.127 EAT"}
{"level":"info","message":"Schema \"public\" created/verified successfully","service":"postgres-sync","timestamp":"2024-12-13 10:06:21.130 EAT"}
{"level":"info","message":"Table structure created successfully","service":"postgres-sync","timestamp":"2024-12-13 10:06:21.414 EAT"}
{"level":"info","message":"Table \"public\".\"customer_withdrawal\" created/verified successfully","service":"postgres-sync","timestamp":"2024-12-13 10:06:21.434 EAT"}
{"level":"info","message":"Table structure created successfully","service":"postgres-sync","timestamp":"2024-12-13 10:06:21.448 EAT"}
{"level":"error","message":"Failed to create/verify table \"adempiere\".\"m_product\"","service":"postgres-sync","timestamp":"2024-12-13 10:06:21.472 EAT"}
{"code":"42P07","file":"d:\\pginstaller_12.auto\\postgres.windows-x64\\src\\backend\\catalog\\index.c","length":160,"level":"error","line":"863","message":"Error details: relation \"m_product_pkey\" already exists","name":"error","routine":"index_create","service":"postgres-sync","severity":"ERROR","stack":"error: relation \"m_product_pkey\" already exists\n    at C:\\Users\\math\\Desktop\\bolt\\project\\node_modules\\pg\\lib\\client.js:535:17\n    at processTicksAndRejections (node:internal/process/task_queues:95:5)\n    at TableManagementService.addPrimaryKeyConstraint (C:\\Users\\math\\Desktop\\bolt\\project\\src\\services\\table\\tableManagementService.ts:63:7)\n    at TableManagementService.createTableIfNotExists (C:\\Users\\math\\Desktop\\bolt\\project\\src\\services\\table\\tableManagementService.ts:136:9)\n    at SyncService.syncTable (C:\\Users\\math\\Desktop\\bolt\\project\\src\\services\\sync\\syncService.ts:32:7)\n    at async Promise.all (index 1)\n    at SyncController.manualSync (C:\\Users\\math\\Desktop\\bolt\\project\\src\\controllers\\syncController.ts:113:7)","timestamp":"2024-12-13 10:06:21.513 EAT"}
{"level":"error","message":"Manual sync failed: relation \"m_product_pkey\" already exists","service":"postgres-sync","timestamp":"2024-12-13 10:06:21.518 EAT"}
{"level":"info","message":"Sync progress for customer_withdrawal: 100.00%","service":"postgres-sync","timestamp":"2024-12-13 10:06:21.548 EAT"}
{"level":"info","message":"Starting scheduled sync job","service":"postgres-sync","timestamp":"2024-12-13 10:07:00.005 EAT"}
{"level":"info","message":"Schema \"public\" created/verified successfully","service":"postgres-sync","timestamp":"2024-12-13 10:07:00.108 EAT"}
{"level":"info","message":"Table structure created successfully","service":"postgres-sync","timestamp":"2024-12-13 10:07:00.182 EAT"}
{"level":"info","message":"Table \"public\".\"customer_withdrawal\" created/verified successfully","service":"postgres-sync","timestamp":"2024-12-13 10:07:00.201 EAT"}
{"level":"info","message":"Schema \"adempiere\" created/verified successfully","service":"postgres-sync","timestamp":"2024-12-13 10:07:00.284 EAT"}
{"level":"info","message":"Table structure created successfully","service":"postgres-sync","timestamp":"2024-12-13 10:07:00.511 EAT"}
{"level":"error","message":"Failed to create/verify table \"adempiere\".\"m_product\"","service":"postgres-sync","timestamp":"2024-12-13 10:07:00.518 EAT"}
{"code":"42P07","file":"d:\\pginstaller_12.auto\\postgres.windows-x64\\src\\backend\\catalog\\index.c","length":160,"level":"error","line":"863","message":"Error details: relation \"m_product_pkey\" already exists","name":"error","routine":"index_create","service":"postgres-sync","severity":"ERROR","stack":"error: relation \"m_product_pkey\" already exists\n    at C:\\Users\\math\\Desktop\\bolt\\project\\node_modules\\pg\\lib\\client.js:535:17\n    at processTicksAndRejections (node:internal/process/task_queues:95:5)\n    at TableManagementService.addPrimaryKeyConstraint (C:\\Users\\math\\Desktop\\bolt\\project\\src\\services\\table\\tableManagementService.ts:63:7)\n    at TableManagementService.createTableIfNotExists (C:\\Users\\math\\Desktop\\bolt\\project\\src\\services\\table\\tableManagementService.ts:136:9)\n    at SyncService.syncTable (C:\\Users\\math\\Desktop\\bolt\\project\\src\\services\\sync\\syncService.ts:32:7)\n    at SyncJob.runSync (C:\\Users\\math\\Desktop\\bolt\\project\\src\\jobs\\syncJob.ts:21:9)","timestamp":"2024-12-13 10:07:00.521 EAT"}
{"level":"error","message":"Scheduled sync job failed: relation \"m_product_pkey\" already exists","service":"postgres-sync","timestamp":"2024-12-13 10:07:00.524 EAT"}
{"level":"info","message":"Starting scheduled sync job","service":"postgres-sync","timestamp":"2024-12-13 10:08:00.016 EAT"}
{"level":"info","message":"Schema \"public\" created/verified successfully","service":"postgres-sync","timestamp":"2024-12-13 10:08:00.139 EAT"}
{"level":"info","message":"Table structure created successfully","service":"postgres-sync","timestamp":"2024-12-13 10:08:00.209 EAT"}
{"level":"info","message":"Table \"public\".\"customer_withdrawal\" created/verified successfully","service":"postgres-sync","timestamp":"2024-12-13 10:08:00.221 EAT"}
{"level":"info","message":"Schema \"adempiere\" created/verified successfully","service":"postgres-sync","timestamp":"2024-12-13 10:08:00.287 EAT"}
{"level":"info","message":"Table structure created successfully","service":"postgres-sync","timestamp":"2024-12-13 10:08:00.623 EAT"}
{"level":"error","message":"Failed to create/verify table \"adempiere\".\"m_product\"","service":"postgres-sync","timestamp":"2024-12-13 10:08:00.630 EAT"}
{"code":"42P07","file":"d:\\pginstaller_12.auto\\postgres.windows-x64\\src\\backend\\catalog\\index.c","length":160,"level":"error","line":"863","message":"Error details: relation \"m_product_pkey\" already exists","name":"error","routine":"index_create","service":"postgres-sync","severity":"ERROR","stack":"error: relation \"m_product_pkey\" already exists\n    at C:\\Users\\math\\Desktop\\bolt\\project\\node_modules\\pg\\lib\\client.js:535:17\n    at processTicksAndRejections (node:internal/process/task_queues:95:5)\n    at TableManagementService.addPrimaryKeyConstraint (C:\\Users\\math\\Desktop\\bolt\\project\\src\\services\\table\\tableManagementService.ts:63:7)\n    at TableManagementService.createTableIfNotExists (C:\\Users\\math\\Desktop\\bolt\\project\\src\\services\\table\\tableManagementService.ts:136:9)\n    at SyncService.syncTable (C:\\Users\\math\\Desktop\\bolt\\project\\src\\services\\sync\\syncService.ts:32:7)\n    at SyncJob.runSync (C:\\Users\\math\\Desktop\\bolt\\project\\src\\jobs\\syncJob.ts:21:9)","timestamp":"2024-12-13 10:08:00.633 EAT"}
{"level":"error","message":"Scheduled sync job failed: relation \"m_product_pkey\" already exists","service":"postgres-sync","timestamp":"2024-12-13 10:08:00.635 EAT"}
{"level":"info","message":"Starting scheduled sync job","service":"postgres-sync","timestamp":"2024-12-13 10:09:00.017 EAT"}
{"level":"info","message":"Schema \"public\" created/verified successfully","service":"postgres-sync","timestamp":"2024-12-13 10:09:00.139 EAT"}
{"level":"info","message":"Table structure created successfully","service":"postgres-sync","timestamp":"2024-12-13 10:09:00.212 EAT"}
{"level":"info","message":"Table \"public\".\"customer_withdrawal\" created/verified successfully","service":"postgres-sync","timestamp":"2024-12-13 10:09:00.225 EAT"}
{"level":"info","message":"Schema \"adempiere\" created/verified successfully","service":"postgres-sync","timestamp":"2024-12-13 10:09:00.284 EAT"}
{"level":"info","message":"Table structure created successfully","service":"postgres-sync","timestamp":"2024-12-13 10:09:00.476 EAT"}
{"level":"error","message":"Failed to create/verify table \"adempiere\".\"m_product\"","service":"postgres-sync","timestamp":"2024-12-13 10:09:00.482 EAT"}
{"code":"42P07","file":"d:\\pginstaller_12.auto\\postgres.windows-x64\\src\\backend\\catalog\\index.c","length":160,"level":"error","line":"863","message":"Error details: relation \"m_product_pkey\" already exists","name":"error","routine":"index_create","service":"postgres-sync","severity":"ERROR","stack":"error: relation \"m_product_pkey\" already exists\n    at C:\\Users\\math\\Desktop\\bolt\\project\\node_modules\\pg\\lib\\client.js:535:17\n    at processTicksAndRejections (node:internal/process/task_queues:95:5)\n    at TableManagementService.addPrimaryKeyConstraint (C:\\Users\\math\\Desktop\\bolt\\project\\src\\services\\table\\tableManagementService.ts:63:7)\n    at TableManagementService.createTableIfNotExists (C:\\Users\\math\\Desktop\\bolt\\project\\src\\services\\table\\tableManagementService.ts:136:9)\n    at SyncService.syncTable (C:\\Users\\math\\Desktop\\bolt\\project\\src\\services\\sync\\syncService.ts:32:7)\n    at SyncJob.runSync (C:\\Users\\math\\Desktop\\bolt\\project\\src\\jobs\\syncJob.ts:21:9)","timestamp":"2024-12-13 10:09:00.484 EAT"}
{"level":"error","message":"Scheduled sync job failed: relation \"m_product_pkey\" already exists","service":"postgres-sync","timestamp":"2024-12-13 10:09:00.487 EAT"}
{"level":"info","message":"Starting scheduled sync job","service":"postgres-sync","timestamp":"2024-12-13 10:10:00.013 EAT"}
{"level":"info","message":"Schema \"public\" created/verified successfully","service":"postgres-sync","timestamp":"2024-12-13 10:10:00.138 EAT"}
{"level":"info","message":"Table structure created successfully","service":"postgres-sync","timestamp":"2024-12-13 10:10:00.210 EAT"}
{"level":"info","message":"Table \"public\".\"customer_withdrawal\" created/verified successfully","service":"postgres-sync","timestamp":"2024-12-13 10:10:00.222 EAT"}
{"level":"info","message":"Schema \"adempiere\" created/verified successfully","service":"postgres-sync","timestamp":"2024-12-13 10:10:00.277 EAT"}
{"level":"info","message":"Table structure created successfully","service":"postgres-sync","timestamp":"2024-12-13 10:10:00.484 EAT"}
{"level":"error","message":"Failed to create/verify table \"adempiere\".\"m_product\"","service":"postgres-sync","timestamp":"2024-12-13 10:10:00.493 EAT"}
{"code":"42P07","file":"d:\\pginstaller_12.auto\\postgres.windows-x64\\src\\backend\\catalog\\index.c","length":160,"level":"error","line":"863","message":"Error details: relation \"m_product_pkey\" already exists","name":"error","routine":"index_create","service":"postgres-sync","severity":"ERROR","stack":"error: relation \"m_product_pkey\" already exists\n    at C:\\Users\\math\\Desktop\\bolt\\project\\node_modules\\pg\\lib\\client.js:535:17\n    at processTicksAndRejections (node:internal/process/task_queues:95:5)\n    at TableManagementService.addPrimaryKeyConstraint (C:\\Users\\math\\Desktop\\bolt\\project\\src\\services\\table\\tableManagementService.ts:63:7)\n    at TableManagementService.createTableIfNotExists (C:\\Users\\math\\Desktop\\bolt\\project\\src\\services\\table\\tableManagementService.ts:136:9)\n    at SyncService.syncTable (C:\\Users\\math\\Desktop\\bolt\\project\\src\\services\\sync\\syncService.ts:32:7)\n    at SyncJob.runSync (C:\\Users\\math\\Desktop\\bolt\\project\\src\\jobs\\syncJob.ts:21:9)","timestamp":"2024-12-13 10:10:00.494 EAT"}
{"level":"error","message":"Scheduled sync job failed: relation \"m_product_pkey\" already exists","service":"postgres-sync","timestamp":"2024-12-13 10:10:00.496 EAT"}
{"level":"info","message":"Starting scheduled sync job","service":"postgres-sync","timestamp":"2024-12-13 10:11:00.021 EAT"}
{"level":"info","message":"Schema \"public\" created/verified successfully","service":"postgres-sync","timestamp":"2024-12-13 10:11:00.139 EAT"}
{"level":"info","message":"Table structure created successfully","service":"postgres-sync","timestamp":"2024-12-13 10:11:00.210 EAT"}
{"level":"info","message":"Table \"public\".\"customer_withdrawal\" created/verified successfully","service":"postgres-sync","timestamp":"2024-12-13 10:11:00.221 EAT"}
{"level":"info","message":"Schema \"adempiere\" created/verified successfully","service":"postgres-sync","timestamp":"2024-12-13 10:11:00.278 EAT"}
{"level":"info","message":"Table structure created successfully","service":"postgres-sync","timestamp":"2024-12-13 10:11:00.468 EAT"}
{"level":"error","message":"Failed to create/verify table \"adempiere\".\"m_product\"","service":"postgres-sync","timestamp":"2024-12-13 10:11:00.476 EAT"}
{"code":"42P07","file":"d:\\pginstaller_12.auto\\postgres.windows-x64\\src\\backend\\catalog\\index.c","length":160,"level":"error","line":"863","message":"Error details: relation \"m_product_pkey\" already exists","name":"error","routine":"index_create","service":"postgres-sync","severity":"ERROR","stack":"error: relation \"m_product_pkey\" already exists\n    at C:\\Users\\math\\Desktop\\bolt\\project\\node_modules\\pg\\lib\\client.js:535:17\n    at processTicksAndRejections (node:internal/process/task_queues:95:5)\n    at TableManagementService.addPrimaryKeyConstraint (C:\\Users\\math\\Desktop\\bolt\\project\\src\\services\\table\\tableManagementService.ts:63:7)\n    at TableManagementService.createTableIfNotExists (C:\\Users\\math\\Desktop\\bolt\\project\\src\\services\\table\\tableManagementService.ts:136:9)\n    at SyncService.syncTable (C:\\Users\\math\\Desktop\\bolt\\project\\src\\services\\sync\\syncService.ts:32:7)\n    at SyncJob.runSync (C:\\Users\\math\\Desktop\\bolt\\project\\src\\jobs\\syncJob.ts:21:9)","timestamp":"2024-12-13 10:11:00.477 EAT"}
{"level":"error","message":"Scheduled sync job failed: relation \"m_product_pkey\" already exists","service":"postgres-sync","timestamp":"2024-12-13 10:11:00.479 EAT"}
{"level":"info","message":"Starting scheduled sync job","service":"postgres-sync","timestamp":"2024-12-13 10:12:00.016 EAT"}
{"level":"info","message":"Schema \"public\" created/verified successfully","service":"postgres-sync","timestamp":"2024-12-13 10:12:00.138 EAT"}
{"level":"info","message":"Table structure created successfully","service":"postgres-sync","timestamp":"2024-12-13 10:12:00.208 EAT"}
{"level":"info","message":"Table \"public\".\"customer_withdrawal\" created/verified successfully","service":"postgres-sync","timestamp":"2024-12-13 10:12:00.224 EAT"}
{"level":"info","message":"Schema \"adempiere\" created/verified successfully","service":"postgres-sync","timestamp":"2024-12-13 10:12:00.288 EAT"}
{"level":"info","message":"Table structure created successfully","service":"postgres-sync","timestamp":"2024-12-13 10:12:00.480 EAT"}
{"level":"error","message":"Failed to create/verify table \"adempiere\".\"m_product\"","service":"postgres-sync","timestamp":"2024-12-13 10:12:00.486 EAT"}
{"code":"42P07","file":"d:\\pginstaller_12.auto\\postgres.windows-x64\\src\\backend\\catalog\\index.c","length":160,"level":"error","line":"863","message":"Error details: relation \"m_product_pkey\" already exists","name":"error","routine":"index_create","service":"postgres-sync","severity":"ERROR","stack":"error: relation \"m_product_pkey\" already exists\n    at C:\\Users\\math\\Desktop\\bolt\\project\\node_modules\\pg\\lib\\client.js:535:17\n    at processTicksAndRejections (node:internal/process/task_queues:95:5)\n    at TableManagementService.addPrimaryKeyConstraint (C:\\Users\\math\\Desktop\\bolt\\project\\src\\services\\table\\tableManagementService.ts:63:7)\n    at TableManagementService.createTableIfNotExists (C:\\Users\\math\\Desktop\\bolt\\project\\src\\services\\table\\tableManagementService.ts:136:9)\n    at SyncService.syncTable (C:\\Users\\math\\Desktop\\bolt\\project\\src\\services\\sync\\syncService.ts:32:7)\n    at SyncJob.runSync (C:\\Users\\math\\Desktop\\bolt\\project\\src\\jobs\\syncJob.ts:21:9)","timestamp":"2024-12-13 10:12:00.487 EAT"}
{"level":"error","message":"Scheduled sync job failed: relation \"m_product_pkey\" already exists","service":"postgres-sync","timestamp":"2024-12-13 10:12:00.490 EAT"}
{"level":"info","message":"Starting scheduled sync job","service":"postgres-sync","timestamp":"2024-12-13 10:13:00.019 EAT"}
{"level":"info","message":"Schema \"public\" created/verified successfully","service":"postgres-sync","timestamp":"2024-12-13 10:13:00.136 EAT"}
{"level":"info","message":"Table structure created successfully","service":"postgres-sync","timestamp":"2024-12-13 10:13:00.206 EAT"}
{"level":"info","message":"Table \"public\".\"customer_withdrawal\" created/verified successfully","service":"postgres-sync","timestamp":"2024-12-13 10:13:00.218 EAT"}
{"level":"info","message":"Schema \"adempiere\" created/verified successfully","service":"postgres-sync","timestamp":"2024-12-13 10:13:00.276 EAT"}
{"level":"info","message":"Table structure created successfully","service":"postgres-sync","timestamp":"2024-12-13 10:13:00.465 EAT"}
{"level":"error","message":"Failed to create/verify table \"adempiere\".\"m_product\"","service":"postgres-sync","timestamp":"2024-12-13 10:13:00.472 EAT"}
{"code":"42P07","file":"d:\\pginstaller_12.auto\\postgres.windows-x64\\src\\backend\\catalog\\index.c","length":160,"level":"error","line":"863","message":"Error details: relation \"m_product_pkey\" already exists","name":"error","routine":"index_create","service":"postgres-sync","severity":"ERROR","stack":"error: relation \"m_product_pkey\" already exists\n    at C:\\Users\\math\\Desktop\\bolt\\project\\node_modules\\pg\\lib\\client.js:535:17\n    at processTicksAndRejections (node:internal/process/task_queues:95:5)\n    at TableManagementService.addPrimaryKeyConstraint (C:\\Users\\math\\Desktop\\bolt\\project\\src\\services\\table\\tableManagementService.ts:63:7)\n    at TableManagementService.createTableIfNotExists (C:\\Users\\math\\Desktop\\bolt\\project\\src\\services\\table\\tableManagementService.ts:136:9)\n    at SyncService.syncTable (C:\\Users\\math\\Desktop\\bolt\\project\\src\\services\\sync\\syncService.ts:32:7)\n    at SyncJob.runSync (C:\\Users\\math\\Desktop\\bolt\\project\\src\\jobs\\syncJob.ts:21:9)","timestamp":"2024-12-13 10:13:00.473 EAT"}
{"level":"error","message":"Scheduled sync job failed: relation \"m_product_pkey\" already exists","service":"postgres-sync","timestamp":"2024-12-13 10:13:00.475 EAT"}
{"level":"info","message":"Starting scheduled sync job","service":"postgres-sync","timestamp":"2024-12-13 10:14:00.022 EAT"}
{"level":"info","message":"Schema \"public\" created/verified successfully","service":"postgres-sync","timestamp":"2024-12-13 10:14:00.124 EAT"}
{"level":"info","message":"Table structure created successfully","service":"postgres-sync","timestamp":"2024-12-13 10:14:00.195 EAT"}
{"level":"info","message":"Table \"public\".\"customer_withdrawal\" created/verified successfully","service":"postgres-sync","timestamp":"2024-12-13 10:14:00.208 EAT"}
{"level":"info","message":"Schema \"adempiere\" created/verified successfully","service":"postgres-sync","timestamp":"2024-12-13 10:14:00.264 EAT"}
{"level":"info","message":"Table structure created successfully","service":"postgres-sync","timestamp":"2024-12-13 10:14:00.452 EAT"}
{"level":"error","message":"Failed to create/verify table \"adempiere\".\"m_product\"","service":"postgres-sync","timestamp":"2024-12-13 10:14:00.459 EAT"}
{"code":"42P07","file":"d:\\pginstaller_12.auto\\postgres.windows-x64\\src\\backend\\catalog\\index.c","length":160,"level":"error","line":"863","message":"Error details: relation \"m_product_pkey\" already exists","name":"error","routine":"index_create","service":"postgres-sync","severity":"ERROR","stack":"error: relation \"m_product_pkey\" already exists\n    at C:\\Users\\math\\Desktop\\bolt\\project\\node_modules\\pg\\lib\\client.js:535:17\n    at processTicksAndRejections (node:internal/process/task_queues:95:5)\n    at TableManagementService.addPrimaryKeyConstraint (C:\\Users\\math\\Desktop\\bolt\\project\\src\\services\\table\\tableManagementService.ts:63:7)\n    at TableManagementService.createTableIfNotExists (C:\\Users\\math\\Desktop\\bolt\\project\\src\\services\\table\\tableManagementService.ts:136:9)\n    at SyncService.syncTable (C:\\Users\\math\\Desktop\\bolt\\project\\src\\services\\sync\\syncService.ts:32:7)\n    at SyncJob.runSync (C:\\Users\\math\\Desktop\\bolt\\project\\src\\jobs\\syncJob.ts:21:9)","timestamp":"2024-12-13 10:14:00.460 EAT"}
{"level":"error","message":"Scheduled sync job failed: relation \"m_product_pkey\" already exists","service":"postgres-sync","timestamp":"2024-12-13 10:14:00.463 EAT"}
{"level":"info","message":"Starting scheduled sync job","service":"postgres-sync","timestamp":"2024-12-13 10:15:00.030 EAT"}
{"level":"info","message":"Schema \"public\" created/verified successfully","service":"postgres-sync","timestamp":"2024-12-13 10:15:00.183 EAT"}
{"level":"info","message":"Table structure created successfully","service":"postgres-sync","timestamp":"2024-12-13 10:15:00.289 EAT"}
{"level":"info","message":"Table \"public\".\"customer_withdrawal\" created/verified successfully","service":"postgres-sync","timestamp":"2024-12-13 10:15:00.309 EAT"}
{"level":"info","message":"Schema \"adempiere\" created/verified successfully","service":"postgres-sync","timestamp":"2024-12-13 10:15:00.384 EAT"}
{"level":"error","message":"Failed to create/verify table \"adempiere\".\"m_product\"","service":"postgres-sync","timestamp":"2024-12-13 10:15:02.400 EAT"}
{"level":"error","message":"Error details: timeout exceeded when trying to connect","service":"postgres-sync","stack":"Error: timeout exceeded when trying to connect\n    at C:\\Users\\math\\Desktop\\bolt\\project\\node_modules\\pg-pool\\index.js:45:11\n    at TableManagementService.getSourceTableStructure (C:\\Users\\math\\Desktop\\bolt\\project\\src\\services\\table\\tableManagementService.ts:33:22)\n    at TableManagementService.createTableIfNotExists (C:\\Users\\math\\Desktop\\bolt\\project\\src\\services\\table\\tableManagementService.ts:109:23)\n    at SyncService.syncTable (C:\\Users\\math\\Desktop\\bolt\\project\\src\\services\\sync\\syncService.ts:32:7)\n    at SyncJob.runSync (C:\\Users\\math\\Desktop\\bolt\\project\\src\\jobs\\syncJob.ts:21:9)","timestamp":"2024-12-13 10:15:02.401 EAT"}
{"level":"error","message":"Scheduled sync job failed: timeout exceeded when trying to connect","service":"postgres-sync","timestamp":"2024-12-13 10:15:02.403 EAT"}
{"level":"info","message":"Starting scheduled sync job","service":"postgres-sync","timestamp":"2024-12-13 10:16:00.026 EAT"}
{"level":"error","message":"Failed to create/verify table \"public\".\"customer_withdrawal\"","service":"postgres-sync","timestamp":"2024-12-13 10:16:02.099 EAT"}
{"level":"error","message":"Error details: timeout exceeded when trying to connect","service":"postgres-sync","stack":"Error: timeout exceeded when trying to connect\n    at C:\\Users\\math\\Desktop\\bolt\\project\\node_modules\\pg-pool\\index.js:45:11\n    at getSourceClient (C:\\Users\\math\\Desktop\\bolt\\project\\src\\config\\database.ts:82:10)\n    at TableManagementService.createTableIfNotExists (C:\\Users\\math\\Desktop\\bolt\\project\\src\\services\\table\\tableManagementService.ts:85:28)\n    at SyncService.syncTable (C:\\Users\\math\\Desktop\\bolt\\project\\src\\services\\sync\\syncService.ts:32:7)\n    at SyncJob.runSync (C:\\Users\\math\\Desktop\\bolt\\project\\src\\jobs\\syncJob.ts:21:9)","timestamp":"2024-12-13 10:16:02.102 EAT"}
{"level":"error","message":"Scheduled sync job failed: timeout exceeded when trying to connect","service":"postgres-sync","timestamp":"2024-12-13 10:16:02.103 EAT"}
{"level":"info","message":"Starting scheduled sync job","service":"postgres-sync","timestamp":"2024-12-13 10:17:00.022 EAT"}
{"level":"error","message":"Failed to create/verify table \"public\".\"customer_withdrawal\"","service":"postgres-sync","timestamp":"2024-12-13 10:17:02.105 EAT"}
{"level":"error","message":"Error details: timeout exceeded when trying to connect","service":"postgres-sync","stack":"Error: timeout exceeded when trying to connect\n    at C:\\Users\\math\\Desktop\\bolt\\project\\node_modules\\pg-pool\\index.js:45:11\n    at getSourceClient (C:\\Users\\math\\Desktop\\bolt\\project\\src\\config\\database.ts:82:10)\n    at TableManagementService.createTableIfNotExists (C:\\Users\\math\\Desktop\\bolt\\project\\src\\services\\table\\tableManagementService.ts:85:28)\n    at SyncService.syncTable (C:\\Users\\math\\Desktop\\bolt\\project\\src\\services\\sync\\syncService.ts:32:7)\n    at SyncJob.runSync (C:\\Users\\math\\Desktop\\bolt\\project\\src\\jobs\\syncJob.ts:21:9)","timestamp":"2024-12-13 10:17:02.108 EAT"}
{"level":"error","message":"Scheduled sync job failed: timeout exceeded when trying to connect","service":"postgres-sync","timestamp":"2024-12-13 10:17:02.114 EAT"}
{"level":"info","message":"Starting scheduled sync job","service":"postgres-sync","timestamp":"2024-12-13 10:18:00.008 EAT"}
{"level":"error","message":"Failed to create/verify table \"public\".\"customer_withdrawal\"","service":"postgres-sync","timestamp":"2024-12-13 10:18:02.094 EAT"}
{"level":"error","message":"Error details: timeout exceeded when trying to connect","service":"postgres-sync","stack":"Error: timeout exceeded when trying to connect\n    at C:\\Users\\math\\Desktop\\bolt\\project\\node_modules\\pg-pool\\index.js:45:11\n    at getSourceClient (C:\\Users\\math\\Desktop\\bolt\\project\\src\\config\\database.ts:82:10)\n    at TableManagementService.createTableIfNotExists (C:\\Users\\math\\Desktop\\bolt\\project\\src\\services\\table\\tableManagementService.ts:85:28)\n    at SyncService.syncTable (C:\\Users\\math\\Desktop\\bolt\\project\\src\\services\\sync\\syncService.ts:32:7)\n    at SyncJob.runSync (C:\\Users\\math\\Desktop\\bolt\\project\\src\\jobs\\syncJob.ts:21:9)","timestamp":"2024-12-13 10:18:02.097 EAT"}
{"level":"error","message":"Scheduled sync job failed: timeout exceeded when trying to connect","service":"postgres-sync","timestamp":"2024-12-13 10:18:02.103 EAT"}
{"level":"info","message":"Starting scheduled sync job","service":"postgres-sync","timestamp":"2024-12-13 10:19:00.010 EAT"}
{"level":"error","message":"Failed to create/verify table \"public\".\"customer_withdrawal\"","service":"postgres-sync","timestamp":"2024-12-13 10:19:02.070 EAT"}
{"level":"error","message":"Error details: timeout exceeded when trying to connect","service":"postgres-sync","stack":"Error: timeout exceeded when trying to connect\n    at C:\\Users\\math\\Desktop\\bolt\\project\\node_modules\\pg-pool\\index.js:45:11\n    at getSourceClient (C:\\Users\\math\\Desktop\\bolt\\project\\src\\config\\database.ts:82:10)\n    at TableManagementService.createTableIfNotExists (C:\\Users\\math\\Desktop\\bolt\\project\\src\\services\\table\\tableManagementService.ts:85:28)\n    at SyncService.syncTable (C:\\Users\\math\\Desktop\\bolt\\project\\src\\services\\sync\\syncService.ts:32:7)\n    at SyncJob.runSync (C:\\Users\\math\\Desktop\\bolt\\project\\src\\jobs\\syncJob.ts:21:9)","timestamp":"2024-12-13 10:19:02.075 EAT"}
{"level":"error","message":"Scheduled sync job failed: timeout exceeded when trying to connect","service":"postgres-sync","timestamp":"2024-12-13 10:19:02.081 EAT"}
{"level":"info","message":"Starting scheduled sync job","service":"postgres-sync","timestamp":"2024-12-13 10:20:00.017 EAT"}
{"level":"error","message":"Failed to create/verify table \"public\".\"customer_withdrawal\"","service":"postgres-sync","timestamp":"2024-12-13 10:20:02.080 EAT"}
{"level":"error","message":"Error details: timeout exceeded when trying to connect","service":"postgres-sync","stack":"Error: timeout exceeded when trying to connect\n    at C:\\Users\\math\\Desktop\\bolt\\project\\node_modules\\pg-pool\\index.js:45:11\n    at getSourceClient (C:\\Users\\math\\Desktop\\bolt\\project\\src\\config\\database.ts:82:10)\n    at TableManagementService.createTableIfNotExists (C:\\Users\\math\\Desktop\\bolt\\project\\src\\services\\table\\tableManagementService.ts:85:28)\n    at SyncService.syncTable (C:\\Users\\math\\Desktop\\bolt\\project\\src\\services\\sync\\syncService.ts:32:7)\n    at SyncJob.runSync (C:\\Users\\math\\Desktop\\bolt\\project\\src\\jobs\\syncJob.ts:21:9)","timestamp":"2024-12-13 10:20:02.082 EAT"}
{"level":"error","message":"Scheduled sync job failed: timeout exceeded when trying to connect","service":"postgres-sync","timestamp":"2024-12-13 10:20:02.086 EAT"}
{"level":"info","message":"Starting scheduled sync job","service":"postgres-sync","timestamp":"2024-12-13 10:21:00.016 EAT"}
{"level":"error","message":"Failed to create/verify table \"public\".\"customer_withdrawal\"","service":"postgres-sync","timestamp":"2024-12-13 10:21:02.105 EAT"}
{"level":"error","message":"Error details: timeout exceeded when trying to connect","service":"postgres-sync","stack":"Error: timeout exceeded when trying to connect\n    at C:\\Users\\math\\Desktop\\bolt\\project\\node_modules\\pg-pool\\index.js:45:11\n    at getSourceClient (C:\\Users\\math\\Desktop\\bolt\\project\\src\\config\\database.ts:82:10)\n    at TableManagementService.createTableIfNotExists (C:\\Users\\math\\Desktop\\bolt\\project\\src\\services\\table\\tableManagementService.ts:85:28)\n    at SyncService.syncTable (C:\\Users\\math\\Desktop\\bolt\\project\\src\\services\\sync\\syncService.ts:32:7)\n    at SyncJob.runSync (C:\\Users\\math\\Desktop\\bolt\\project\\src\\jobs\\syncJob.ts:21:9)","timestamp":"2024-12-13 10:21:02.107 EAT"}
{"level":"error","message":"Scheduled sync job failed: timeout exceeded when trying to connect","service":"postgres-sync","timestamp":"2024-12-13 10:21:02.111 EAT"}
{"level":"info","message":"Starting scheduled sync job","service":"postgres-sync","timestamp":"2024-12-13 10:22:00.016 EAT"}
{"level":"error","message":"Failed to create/verify table \"public\".\"customer_withdrawal\"","service":"postgres-sync","timestamp":"2024-12-13 10:22:02.099 EAT"}
{"level":"error","message":"Error details: timeout exceeded when trying to connect","service":"postgres-sync","stack":"Error: timeout exceeded when trying to connect\n    at C:\\Users\\math\\Desktop\\bolt\\project\\node_modules\\pg-pool\\index.js:45:11\n    at getSourceClient (C:\\Users\\math\\Desktop\\bolt\\project\\src\\config\\database.ts:82:10)\n    at TableManagementService.createTableIfNotExists (C:\\Users\\math\\Desktop\\bolt\\project\\src\\services\\table\\tableManagementService.ts:85:28)\n    at SyncService.syncTable (C:\\Users\\math\\Desktop\\bolt\\project\\src\\services\\sync\\syncService.ts:32:7)\n    at SyncJob.runSync (C:\\Users\\math\\Desktop\\bolt\\project\\src\\jobs\\syncJob.ts:21:9)","timestamp":"2024-12-13 10:22:02.100 EAT"}
{"level":"error","message":"Scheduled sync job failed: timeout exceeded when trying to connect","service":"postgres-sync","timestamp":"2024-12-13 10:22:02.102 EAT"}
{"level":"info","message":"Starting scheduled sync job","service":"postgres-sync","timestamp":"2024-12-13 10:23:00.024 EAT"}
{"level":"error","message":"Failed to create/verify table \"public\".\"customer_withdrawal\"","service":"postgres-sync","timestamp":"2024-12-13 10:23:02.104 EAT"}
{"level":"error","message":"Error details: timeout exceeded when trying to connect","service":"postgres-sync","stack":"Error: timeout exceeded when trying to connect\n    at C:\\Users\\math\\Desktop\\bolt\\project\\node_modules\\pg-pool\\index.js:45:11\n    at getSourceClient (C:\\Users\\math\\Desktop\\bolt\\project\\src\\config\\database.ts:82:10)\n    at TableManagementService.createTableIfNotExists (C:\\Users\\math\\Desktop\\bolt\\project\\src\\services\\table\\tableManagementService.ts:85:28)\n    at SyncService.syncTable (C:\\Users\\math\\Desktop\\bolt\\project\\src\\services\\sync\\syncService.ts:32:7)\n    at SyncJob.runSync (C:\\Users\\math\\Desktop\\bolt\\project\\src\\jobs\\syncJob.ts:21:9)","timestamp":"2024-12-13 10:23:02.109 EAT"}
{"level":"error","message":"Scheduled sync job failed: timeout exceeded when trying to connect","service":"postgres-sync","timestamp":"2024-12-13 10:23:02.115 EAT"}
{"level":"info","message":"Sync job scheduler started","service":"postgres-sync","timestamp":"2024-12-13 10:23:30.174 EAT"}
{"level":"info","message":"Server is running on port 3000","service":"postgres-sync","timestamp":"2024-12-13 10:23:30.185 EAT"}
{"level":"info","message":"Initializing sync job service","service":"postgres-sync","timestamp":"2024-12-13 10:23:30.186 EAT"}
{"level":"info","message":"Starting scheduled sync job","service":"postgres-sync","timestamp":"2024-12-13 10:24:00.026 EAT"}
{"level":"info","message":"Schema \"public\" created/verified successfully","service":"postgres-sync","timestamp":"2024-12-13 10:24:00.144 EAT"}
{"level":"info","message":"Table structure created successfully","service":"postgres-sync","timestamp":"2024-12-13 10:24:00.222 EAT"}
{"level":"info","message":"Table \"public\".\"customer_withdrawal\" created/verified successfully","service":"postgres-sync","timestamp":"2024-12-13 10:24:00.236 EAT"}
{"level":"info","message":"Schema \"adempiere\" created/verified successfully","service":"postgres-sync","timestamp":"2024-12-13 10:24:00.393 EAT"}
{"level":"info","message":"Table structure created successfully","service":"postgres-sync","timestamp":"2024-12-13 10:24:00.591 EAT"}
{"level":"error","message":"Failed to create/verify table \"adempiere\".\"m_product\"","service":"postgres-sync","timestamp":"2024-12-13 10:24:00.601 EAT"}
{"code":"42P07","file":"d:\\pginstaller_12.auto\\postgres.windows-x64\\src\\backend\\catalog\\index.c","length":160,"level":"error","line":"863","message":"Error details: relation \"m_product_pkey\" already exists","name":"error","routine":"index_create","service":"postgres-sync","severity":"ERROR","stack":"error: relation \"m_product_pkey\" already exists\n    at C:\\Users\\math\\Desktop\\bolt\\project\\node_modules\\pg\\lib\\client.js:535:17\n    at processTicksAndRejections (node:internal/process/task_queues:95:5)\n    at TableManagementService.addPrimaryKeyConstraint (C:\\Users\\math\\Desktop\\bolt\\project\\src\\services\\table\\tableManagementService.ts:63:7)\n    at TableManagementService.createTableIfNotExists (C:\\Users\\math\\Desktop\\bolt\\project\\src\\services\\table\\tableManagementService.ts:136:9)\n    at SyncService.syncTable (C:\\Users\\math\\Desktop\\bolt\\project\\src\\services\\sync\\syncService.ts:32:7)\n    at SyncJob.runSync (C:\\Users\\math\\Desktop\\bolt\\project\\src\\jobs\\syncJob.ts:21:9)","timestamp":"2024-12-13 10:24:00.617 EAT"}
{"level":"error","message":"Scheduled sync job failed: relation \"m_product_pkey\" already exists","service":"postgres-sync","timestamp":"2024-12-13 10:24:00.620 EAT"}
{"level":"info","message":"Starting scheduled sync job","service":"postgres-sync","timestamp":"2024-12-13 10:25:00.005 EAT"}
{"level":"info","message":"Schema \"public\" created/verified successfully","service":"postgres-sync","timestamp":"2024-12-13 10:25:00.123 EAT"}
{"level":"info","message":"Table structure created successfully","service":"postgres-sync","timestamp":"2024-12-13 10:25:00.198 EAT"}
{"level":"info","message":"Table \"public\".\"customer_withdrawal\" created/verified successfully","service":"postgres-sync","timestamp":"2024-12-13 10:25:00.210 EAT"}
{"level":"info","message":"Schema \"adempiere\" created/verified successfully","service":"postgres-sync","timestamp":"2024-12-13 10:25:00.269 EAT"}
{"level":"info","message":"Table structure created successfully","service":"postgres-sync","timestamp":"2024-12-13 10:25:00.481 EAT"}
{"level":"error","message":"Failed to create/verify table \"adempiere\".\"m_product\"","service":"postgres-sync","timestamp":"2024-12-13 10:25:00.488 EAT"}
{"code":"42P07","file":"d:\\pginstaller_12.auto\\postgres.windows-x64\\src\\backend\\catalog\\index.c","length":160,"level":"error","line":"863","message":"Error details: relation \"m_product_pkey\" already exists","name":"error","routine":"index_create","service":"postgres-sync","severity":"ERROR","stack":"error: relation \"m_product_pkey\" already exists\n    at C:\\Users\\math\\Desktop\\bolt\\project\\node_modules\\pg\\lib\\client.js:535:17\n    at processTicksAndRejections (node:internal/process/task_queues:95:5)\n    at TableManagementService.addPrimaryKeyConstraint (C:\\Users\\math\\Desktop\\bolt\\project\\src\\services\\table\\tableManagementService.ts:63:7)\n    at TableManagementService.createTableIfNotExists (C:\\Users\\math\\Desktop\\bolt\\project\\src\\services\\table\\tableManagementService.ts:136:9)\n    at SyncService.syncTable (C:\\Users\\math\\Desktop\\bolt\\project\\src\\services\\sync\\syncService.ts:32:7)\n    at SyncJob.runSync (C:\\Users\\math\\Desktop\\bolt\\project\\src\\jobs\\syncJob.ts:21:9)","timestamp":"2024-12-13 10:25:00.489 EAT"}
{"level":"error","message":"Scheduled sync job failed: relation \"m_product_pkey\" already exists","service":"postgres-sync","timestamp":"2024-12-13 10:25:00.491 EAT"}
{"level":"info","message":"Starting scheduled sync job","service":"postgres-sync","timestamp":"2024-12-13 10:26:00.014 EAT"}
{"level":"info","message":"Schema \"public\" created/verified successfully","service":"postgres-sync","timestamp":"2024-12-13 10:26:00.152 EAT"}
{"level":"info","message":"Table structure created successfully","service":"postgres-sync","timestamp":"2024-12-13 10:26:00.258 EAT"}
{"level":"info","message":"Table \"public\".\"customer_withdrawal\" created/verified successfully","service":"postgres-sync","timestamp":"2024-12-13 10:26:00.273 EAT"}
{"level":"info","message":"Schema \"adempiere\" created/verified successfully","service":"postgres-sync","timestamp":"2024-12-13 10:26:00.350 EAT"}
{"level":"info","message":"Table structure created successfully","service":"postgres-sync","timestamp":"2024-12-13 10:26:00.579 EAT"}
{"level":"error","message":"Failed to create/verify table \"adempiere\".\"m_product\"","service":"postgres-sync","timestamp":"2024-12-13 10:26:00.589 EAT"}
{"code":"42P07","file":"d:\\pginstaller_12.auto\\postgres.windows-x64\\src\\backend\\catalog\\index.c","length":160,"level":"error","line":"863","message":"Error details: relation \"m_product_pkey\" already exists","name":"error","routine":"index_create","service":"postgres-sync","severity":"ERROR","stack":"error: relation \"m_product_pkey\" already exists\n    at C:\\Users\\math\\Desktop\\bolt\\project\\node_modules\\pg\\lib\\client.js:535:17\n    at processTicksAndRejections (node:internal/process/task_queues:95:5)\n    at TableManagementService.addPrimaryKeyConstraint (C:\\Users\\math\\Desktop\\bolt\\project\\src\\services\\table\\tableManagementService.ts:63:7)\n    at TableManagementService.createTableIfNotExists (C:\\Users\\math\\Desktop\\bolt\\project\\src\\services\\table\\tableManagementService.ts:136:9)\n    at SyncService.syncTable (C:\\Users\\math\\Desktop\\bolt\\project\\src\\services\\sync\\syncService.ts:32:7)\n    at SyncJob.runSync (C:\\Users\\math\\Desktop\\bolt\\project\\src\\jobs\\syncJob.ts:21:9)","timestamp":"2024-12-13 10:26:00.591 EAT"}
{"level":"error","message":"Scheduled sync job failed: relation \"m_product_pkey\" already exists","service":"postgres-sync","timestamp":"2024-12-13 10:26:00.594 EAT"}
{"level":"info","message":"Starting scheduled sync job","service":"postgres-sync","timestamp":"2024-12-13 10:27:00.009 EAT"}
{"level":"info","message":"Schema \"public\" created/verified successfully","service":"postgres-sync","timestamp":"2024-12-13 10:27:00.126 EAT"}
{"level":"info","message":"Table structure created successfully","service":"postgres-sync","timestamp":"2024-12-13 10:27:00.215 EAT"}
{"level":"info","message":"Table \"public\".\"customer_withdrawal\" created/verified successfully","service":"postgres-sync","timestamp":"2024-12-13 10:27:00.228 EAT"}
{"level":"info","message":"Schema \"adempiere\" created/verified successfully","service":"postgres-sync","timestamp":"2024-12-13 10:27:00.282 EAT"}
{"level":"info","message":"Table structure created successfully","service":"postgres-sync","timestamp":"2024-12-13 10:27:00.489 EAT"}
{"level":"error","message":"Failed to create/verify table \"adempiere\".\"m_product\"","service":"postgres-sync","timestamp":"2024-12-13 10:27:00.496 EAT"}
{"code":"42P07","file":"d:\\pginstaller_12.auto\\postgres.windows-x64\\src\\backend\\catalog\\index.c","length":160,"level":"error","line":"863","message":"Error details: relation \"m_product_pkey\" already exists","name":"error","routine":"index_create","service":"postgres-sync","severity":"ERROR","stack":"error: relation \"m_product_pkey\" already exists\n    at C:\\Users\\math\\Desktop\\bolt\\project\\node_modules\\pg\\lib\\client.js:535:17\n    at processTicksAndRejections (node:internal/process/task_queues:95:5)\n    at TableManagementService.addPrimaryKeyConstraint (C:\\Users\\math\\Desktop\\bolt\\project\\src\\services\\table\\tableManagementService.ts:63:7)\n    at TableManagementService.createTableIfNotExists (C:\\Users\\math\\Desktop\\bolt\\project\\src\\services\\table\\tableManagementService.ts:136:9)\n    at SyncService.syncTable (C:\\Users\\math\\Desktop\\bolt\\project\\src\\services\\sync\\syncService.ts:32:7)\n    at SyncJob.runSync (C:\\Users\\math\\Desktop\\bolt\\project\\src\\jobs\\syncJob.ts:21:9)","timestamp":"2024-12-13 10:27:00.498 EAT"}
{"level":"error","message":"Scheduled sync job failed: relation \"m_product_pkey\" already exists","service":"postgres-sync","timestamp":"2024-12-13 10:27:00.500 EAT"}
{"level":"info","message":"No tables specified, using all configured tables","service":"postgres-sync","timestamp":"2024-12-13 10:27:36.144 EAT"}
{"level":"info","message":"Starting manual sync for tables: [\"customer_withdrawal\",\"m_product\"]","service":"postgres-sync","timestamp":"2024-12-13 10:27:36.145 EAT"}
{"level":"info","message":"Schema \"public\" created/verified successfully","service":"postgres-sync","timestamp":"2024-12-13 10:27:36.277 EAT"}
{"level":"info","message":"Schema \"adempiere\" created/verified successfully","service":"postgres-sync","timestamp":"2024-12-13 10:27:36.299 EAT"}
{"level":"info","message":"Table structure created successfully","service":"postgres-sync","timestamp":"2024-12-13 10:27:36.396 EAT"}
{"level":"info","message":"Table \"public\".\"customer_withdrawal\" created/verified successfully","service":"postgres-sync","timestamp":"2024-12-13 10:27:36.548 EAT"}
{"level":"info","message":"Table structure created successfully","service":"postgres-sync","timestamp":"2024-12-13 10:27:36.567 EAT"}
{"level":"info","message":"Primary key constraint added to adempiere.m_product","service":"postgres-sync","timestamp":"2024-12-13 10:27:36.587 EAT"}
{"level":"info","message":"Table \"adempiere\".\"m_product\" created/verified successfully","service":"postgres-sync","timestamp":"2024-12-13 10:27:36.588 EAT"}
{"level":"info","message":"Sync progress for m_product: 100.00%","service":"postgres-sync","timestamp":"2024-12-13 10:27:36.836 EAT"}
{"level":"info","message":"Starting scheduled sync job","service":"postgres-sync","timestamp":"2024-12-13 10:28:00.011 EAT"}
{"level":"info","message":"Schema \"public\" created/verified successfully","service":"postgres-sync","timestamp":"2024-12-13 10:28:00.021 EAT"}
{"level":"info","message":"Table structure created successfully","service":"postgres-sync","timestamp":"2024-12-13 10:28:00.050 EAT"}
{"level":"info","message":"Table \"public\".\"customer_withdrawal\" created/verified successfully","service":"postgres-sync","timestamp":"2024-12-13 10:28:00.053 EAT"}
{"level":"info","message":"Schema \"adempiere\" created/verified successfully","service":"postgres-sync","timestamp":"2024-12-13 10:28:00.069 EAT"}
{"level":"info","message":"Table structure created successfully","service":"postgres-sync","timestamp":"2024-12-13 10:28:00.267 EAT"}
{"level":"info","message":"Table \"adempiere\".\"m_product\" created/verified successfully","service":"postgres-sync","timestamp":"2024-12-13 10:28:00.271 EAT"}
{"level":"info","message":"Scheduled sync job completed","service":"postgres-sync","timestamp":"2024-12-13 10:28:00.283 EAT"}
{"level":"info","message":"Starting scheduled sync job","service":"postgres-sync","timestamp":"2024-12-13 10:29:00.016 EAT"}
{"level":"info","message":"Schema \"public\" created/verified successfully","service":"postgres-sync","timestamp":"2024-12-13 10:29:00.143 EAT"}
{"level":"info","message":"Table structure created successfully","service":"postgres-sync","timestamp":"2024-12-13 10:29:00.215 EAT"}
{"level":"info","message":"Table \"public\".\"customer_withdrawal\" created/verified successfully","service":"postgres-sync","timestamp":"2024-12-13 10:29:00.226 EAT"}
{"level":"info","message":"Schema \"adempiere\" created/verified successfully","service":"postgres-sync","timestamp":"2024-12-13 10:29:00.278 EAT"}
{"level":"info","message":"Table structure created successfully","service":"postgres-sync","timestamp":"2024-12-13 10:29:00.452 EAT"}
{"level":"info","message":"Table \"adempiere\".\"m_product\" created/verified successfully","service":"postgres-sync","timestamp":"2024-12-13 10:29:00.455 EAT"}
{"level":"info","message":"Scheduled sync job completed","service":"postgres-sync","timestamp":"2024-12-13 10:29:00.464 EAT"}
